<?xml version="1.0" encoding="UTF-8"?>
<testsuite xmlns:xsi="http://www.w3.org/2001/XMLSchema-instance" xsi:noNamespaceSchemaLocation="https://maven.apache.org/surefire/maven-surefire-plugin/xsd/surefire-test-report.xsd" version="3.0.2" name="org.example.exercise.BookTest" time="0.059" tests="4" errors="0" skipped="0" failures="0">
  <properties>
[...]
</properties>
  <testcase name="testSetAvailableTrue" classname="org.example.exercise.BookTest" time="0.029"/>
  <testcase name="testMultipleBooksIndependence" classname="org.example.exercise.BookTest" time="0.002"/>
  <testcase name="testSetAvailableFalse" classname="org.example.exercise.BookTest" time="0.002"/>
  <testcase name="testConstructorAndGetters" classname="org.example.exercise.BookTest" time="0.002"/>
</testsuite>